# JRE version: Java(TM) SE Runtime Environment (8.0_91-b15) (build 1.8.0_91-b15)
# Java VM: Java HotSpot(TM) 64-Bit Server VM (25.91-b15 mixed mode windows-amd64 compressed oops)
Heap:
 PSYoungGen      total 305664K, used 161977K [0x00000000d5580000, 0x00000000f2600000, 0x0000000100000000)
  eden space 278528K, 53% used [0x00000000d5580000,0x00000000de82f300,0x00000000e6580000)
  from space 27136K, 43% used [0x00000000e6580000,0x00000000e70ff308,0x00000000e8000000)
  to   space 26624K, 0% used [0x00000000f0c00000,0x00000000f0c00000,0x00000000f2600000)
 ParOldGen       total 699392K, used 31183K [0x0000000080000000, 0x00000000aab00000, 0x00000000d5580000)
  object space 699392K, 4% used [0x0000000080000000,0x0000000081e73da8,0x00000000aab00000)
 Metaspace       used 43030K, capacity 47618K, committed 47784K, reserved 1091584K
  class space    used 5190K, capacity 6246K, committed 6312K, reserved 1048576K
GC Heap History (10 events):
Event: 8.728 GC heap before
{Heap before GC invocations=5 (full 1):
 PSYoungGen      total 305664K, used 262144K [0x00000000d5580000, 0x00000000eaa80000, 0x0000000100000000)
  eden space 262144K, 100% used [0x00000000d5580000,0x00000000e5580000,0x00000000e5580000)
  from space 43520K, 0% used [0x00000000e5580000,0x00000000e5580000,0x00000000e8000000)
  to   space 43520K, 0% used [0x00000000e8000000,0x00000000e8000000,0x00000000eaa80000)
 ParOldGen       total 699392K, used 20840K [0x0000000080000000, 0x00000000aab00000, 0x00000000d5580000)
  object space 699392K, 2% used [0x0000000080000000,0x000000008145a080,0x00000000aab00000)
 Metaspace       used 24122K, capacity 26846K, committed 27136K, reserved 1073152K
  class space    used 2812K, capacity 3715K, committed 3840K, reserved 1048576K
Event: 8.737 GC heap after
Heap after GC invocations=5 (full 1):
 PSYoungGen      total 305664K, used 9548K [0x00000000d5580000, 0x00000000eaa80000, 0x0000000100000000)
  eden space 262144K, 0% used [0x00000000d5580000,0x00000000d5580000,0x00000000e5580000)
  from space 43520K, 21% used [0x00000000e8000000,0x00000000e89533f8,0x00000000eaa80000)
  to   space 43520K, 0% used [0x00000000e5580000,0x00000000e5580000,0x00000000e8000000)
 ParOldGen       total 699392K, used 20840K [0x0000000080000000, 0x00000000aab00000, 0x00000000d5580000)
  object space 699392K, 2% used [0x0000000080000000,0x000000008145a080,0x00000000aab00000)
 Metaspace       used 24122K, capacity 26846K, committed 27136K, reserved 1073152K
  class space    used 2812K, capacity 3715K, committed 3840K, reserved 1048576K
}
Event: 10.954 GC heap before
{Heap before GC invocations=6 (full 1):
 PSYoungGen      total 305664K, used 217410K [0x00000000d5580000, 0x00000000eaa80000, 0x0000000100000000)
  eden space 262144K, 79% used [0x00000000d5580000,0x00000000e207d430,0x00000000e5580000)
  from space 43520K, 21% used [0x00000000e8000000,0x00000000e89533f8,0x00000000eaa80000)
  to   space 43520K, 0% used [0x00000000e5580000,0x00000000e5580000,0x00000000e8000000)
 ParOldGen       total 699392K, used 20840K [0x0000000080000000, 0x00000000aab00000, 0x00000000d5580000)
  object space 699392K, 2% used [0x0000000080000000,0x000000008145a080,0x00000000aab00000)
 Metaspace       used 30626K, capacity 35458K, committed 35496K, reserved 1079296K
  class space    used 3644K, capacity 5266K, committed 5288K, reserved 1048576K
Event: 10.970 GC heap after
Heap after GC invocations=6 (full 1):
 PSYoungGen      total 305664K, used 14134K [0x00000000d5580000, 0x00000000eaa80000, 0x0000000100000000)
  eden space 262144K, 0% used [0x00000000d5580000,0x00000000d5580000,0x00000000e5580000)
  from space 43520K, 32% used [0x00000000e5580000,0x00000000e634daa8,0x00000000e8000000)
  to   space 43520K, 0% used [0x00000000e8000000,0x00000000e8000000,0x00000000eaa80000)
 ParOldGen       total 699392K, used 20848K [0x0000000080000000, 0x00000000aab00000, 0x00000000d5580000)
  object space 699392K, 2% used [0x0000000080000000,0x000000008145c080,0x00000000aab00000)
 Metaspace       used 30626K, capacity 35458K, committed 35496K, reserved 1079296K
  class space    used 3644K, capacity 5266K, committed 5288K, reserved 1048576K
}
Event: 10.970 GC heap before
{Heap before GC invocations=7 (full 2):
 PSYoungGen      total 305664K, used 14134K [0x00000000d5580000, 0x00000000eaa80000, 0x0000000100000000)
  eden space 262144K, 0% used [0x00000000d5580000,0x00000000d5580000,0x00000000e5580000)
  from space 43520K, 32% used [0x00000000e5580000,0x00000000e634daa8,0x00000000e8000000)
  to   space 43520K, 0% used [0x00000000e8000000,0x00000000e8000000,0x00000000eaa80000)
 ParOldGen       total 699392K, used 20848K [0x0000000080000000, 0x00000000aab00000, 0x00000000d5580000)
  object space 699392K, 2% used [0x0000000080000000,0x000000008145c080,0x00000000aab00000)
 Metaspace       used 30626K, capacity 35458K, committed 35496K, reserved 1079296K
  class space    used 3644K, capacity 5266K, committed 5288K, reserved 1048576K
Event: 11.083 GC heap after
Heap after GC invocations=7 (full 2):
 PSYoungGen      total 305664K, used 0K [0x00000000d5580000, 0x00000000eaa80000, 0x0000000100000000)
  eden space 262144K, 0% used [0x00000000d5580000,0x00000000d5580000,0x00000000e5580000)
  from space 43520K, 0% used [0x00000000e5580000,0x00000000e5580000,0x00000000e8000000)
  to   space 43520K, 0% used [0x00000000e8000000,0x00000000e8000000,0x00000000eaa80000)
 ParOldGen       total 699392K, used 31154K [0x0000000080000000, 0x00000000aab00000, 0x00000000d5580000)
  object space 699392K, 4% used [0x0000000080000000,0x0000000081e6c848,0x00000000aab00000)
 Metaspace       used 29099K, capacity 30760K, committed 35496K, reserved 1079296K
  class space    used 3362K, capacity 3748K, committed 5288K, reserved 1048576K
}
Event: 15.622 GC heap before
{Heap before GC invocations=8 (full 2):
 PSYoungGen      total 305664K, used 262144K [0x00000000d5580000, 0x00000000eaa80000, 0x0000000100000000)
  eden space 262144K, 100% used [0x00000000d5580000,0x00000000e5580000,0x00000000e5580000)
  from space 43520K, 0% used [0x00000000e5580000,0x00000000e5580000,0x00000000e8000000)
  to   space 43520K, 0% used [0x00000000e8000000,0x00000000e8000000,0x00000000eaa80000)
 ParOldGen       total 699392K, used 31154K [0x0000000080000000, 0x00000000aab00000, 0x00000000d5580000)
  object space 699392K, 4% used [0x0000000080000000,0x0000000081e6c848,0x00000000aab00000)
 Metaspace       used 35074K, capacity 37826K, committed 38824K, reserved 1083392K
  class space    used 4109K, capacity 4714K, committed 5288K, reserved 1048576K
Event: 15.633 GC heap after
Heap after GC invocations=8 (full 2):
 PSYoungGen      total 322048K, used 11499K [0x00000000d5580000, 0x00000000f1e00000, 0x0000000100000000)
  eden space 278528K, 0% used [0x00000000d5580000,0x00000000d5580000,0x00000000e6580000)
  from space 43520K, 26% used [0x00000000e8000000,0x00000000e8b3ae18,0x00000000eaa80000)
  to   space 27136K, 0% used [0x00000000e6580000,0x00000000e6580000,0x00000000e8000000)
 ParOldGen       total 699392K, used 31162K [0x0000000080000000, 0x00000000aab00000, 0x00000000d5580000)
  object space 699392K, 4% used [0x0000000080000000,0x0000000081e6e848,0x00000000aab00000)
 Metaspace       used 35074K, capacity 37826K, committed 38824K, reserved 1083392K
  class space    used 4109K, capacity 4714K, committed 5288K, reserved 1048576K
}
Event: 18.431 GC heap before
{Heap before GC invocations=9 (full 2):
 PSYoungGen      total 322048K, used 290027K [0x00000000d5580000, 0x00000000f1e00000, 0x0000000100000000)
  eden space 278528K, 100% used [0x00000000d5580000,0x00000000e6580000,0x00000000e6580000)
  from space 43520K, 26% used [0x00000000e8000000,0x00000000e8b3ae18,0x00000000eaa80000)
  to   space 27136K, 0% used [0x00000000e6580000,0x00000000e6580000,0x00000000e8000000)
 ParOldGen       total 699392K, used 31175K [0x0000000080000000, 0x00000000aab00000, 0x00000000d5580000)
  object space 699392K, 4% used [0x0000000080000000,0x0000000081e71da8,0x00000000aab00000)
 Metaspace       used 39931K, capacity 43970K, committed 44200K, reserved 1087488K
  class space    used 4761K, capacity 5709K, committed 5800K, reserved 1048576K
Event: 18.444 GC heap after
Heap after GC invocations=9 (full 2):
 PSYoungGen      total 305664K, used 11772K [0x00000000d5580000, 0x00000000f2600000, 0x0000000100000000)
  eden space 278528K, 0% used [0x00000000d5580000,0x00000000d5580000,0x00000000e6580000)
  from space 27136K, 43% used [0x00000000e6580000,0x00000000e70ff308,0x00000000e8000000)
  to   space 26624K, 0% used [0x00000000f0c00000,0x00000000f0c00000,0x00000000f2600000)
 ParOldGen       total 699392K, used 31183K [0x0000000080000000, 0x00000000aab00000, 0x00000000d5580000)
  object space 699392K, 4% used [0x0000000080000000,0x0000000081e73da8,0x00000000aab00000)
 Metaspace       used 39931K, capacity 43970K, committed 44200K, reserved 1087488K
  class space    used 4761K, capacity 5709K, committed 5800K, reserved 1048576K
}

