# JRE version: Java(TM) SE Runtime Environment (8.0_91-b15) (build 1.8.0_91-b15)
# Java VM: Java HotSpot(TM) 64-Bit Server VM (25.91-b15 mixed mode windows-amd64 compressed oops)
Heap:
 PSYoungGen      total 416768K, used 112444K [0x00000000d5580000, 0x00000000f1500000, 0x0000000100000000)
  eden space 390144K, 21% used [0x00000000d5580000,0x00000000da951780,0x00000000ed280000)
  from space 26624K, 99% used [0x00000000efb00000,0x00000000f14fda48,0x00000000f1500000)
  to   space 32768K, 0% used [0x00000000ed500000,0x00000000ed500000,0x00000000ef500000)
 ParOldGen       total 699392K, used 36003K [0x0000000080000000, 0x00000000aab00000, 0x00000000d5580000)
  object space 699392K, 5% used [0x0000000080000000,0x0000000082328d90,0x00000000aab00000)
 Metaspace       used 51531K, capacity 57646K, committed 57768K, reserved 1099776K
  class space    used 6303K, capacity 7738K, committed 7848K, reserved 1048576K
GC Heap History (10 events):
Event: 10.658 GC heap before
{Heap before GC invocations=6 (full 1):
 PSYoungGen      total 305664K, used 213495K [0x00000000d5580000, 0x00000000eaa80000, 0x0000000100000000)
  eden space 262144K, 77% used [0x00000000d5580000,0x00000000e1c3b7a0,0x00000000e5580000)
  from space 43520K, 22% used [0x00000000e8000000,0x00000000e89c25d8,0x00000000eaa80000)
  to   space 43520K, 0% used [0x00000000e5580000,0x00000000e5580000,0x00000000e8000000)
 ParOldGen       total 699392K, used 20754K [0x0000000080000000, 0x00000000aab00000, 0x00000000d5580000)
  object space 699392K, 2% used [0x0000000080000000,0x0000000081444b40,0x00000000aab00000)
 Metaspace       used 30672K, capacity 35458K, committed 35496K, reserved 1079296K
  class space    used 3647K, capacity 5266K, committed 5288K, reserved 1048576K
Event: 10.680 GC heap after
Heap after GC invocations=6 (full 1):
 PSYoungGen      total 305664K, used 13577K [0x00000000d5580000, 0x00000000eaa80000, 0x0000000100000000)
  eden space 262144K, 0% used [0x00000000d5580000,0x00000000d5580000,0x00000000e5580000)
  from space 43520K, 31% used [0x00000000e5580000,0x00000000e62c26a0,0x00000000e8000000)
  to   space 43520K, 0% used [0x00000000e8000000,0x00000000e8000000,0x00000000eaa80000)
 ParOldGen       total 699392K, used 20762K [0x0000000080000000, 0x00000000aab00000, 0x00000000d5580000)
  object space 699392K, 2% used [0x0000000080000000,0x0000000081446b40,0x00000000aab00000)
 Metaspace       used 30672K, capacity 35458K, committed 35496K, reserved 1079296K
  class space    used 3647K, capacity 5266K, committed 5288K, reserved 1048576K
}
Event: 10.680 GC heap before
{Heap before GC invocations=7 (full 2):
 PSYoungGen      total 305664K, used 13577K [0x00000000d5580000, 0x00000000eaa80000, 0x0000000100000000)
  eden space 262144K, 0% used [0x00000000d5580000,0x00000000d5580000,0x00000000e5580000)
  from space 43520K, 31% used [0x00000000e5580000,0x00000000e62c26a0,0x00000000e8000000)
  to   space 43520K, 0% used [0x00000000e8000000,0x00000000e8000000,0x00000000eaa80000)
 ParOldGen       total 699392K, used 20762K [0x0000000080000000, 0x00000000aab00000, 0x00000000d5580000)
  object space 699392K, 2% used [0x0000000080000000,0x0000000081446b40,0x00000000aab00000)
 Metaspace       used 30672K, capacity 35458K, committed 35496K, reserved 1079296K
  class space    used 3647K, capacity 5266K, committed 5288K, reserved 1048576K
Event: 10.819 GC heap after
Heap after GC invocations=7 (full 2):
 PSYoungGen      total 305664K, used 0K [0x00000000d5580000, 0x00000000eaa80000, 0x0000000100000000)
  eden space 262144K, 0% used [0x00000000d5580000,0x00000000d5580000,0x00000000e5580000)
  from space 43520K, 0% used [0x00000000e5580000,0x00000000e5580000,0x00000000e8000000)
  to   space 43520K, 0% used [0x00000000e8000000,0x00000000e8000000,0x00000000eaa80000)
 ParOldGen       total 699392K, used 30619K [0x0000000080000000, 0x00000000aab00000, 0x00000000d5580000)
  object space 699392K, 4% used [0x0000000080000000,0x0000000081de6f18,0x00000000aab00000)
 Metaspace       used 29145K, capacity 30760K, committed 35496K, reserved 1079296K
  class space    used 3365K, capacity 3748K, committed 5288K, reserved 1048576K
}
Event: 14.416 GC heap before
{Heap before GC invocations=8 (full 2):
 PSYoungGen      total 305664K, used 262144K [0x00000000d5580000, 0x00000000eaa80000, 0x0000000100000000)
  eden space 262144K, 100% used [0x00000000d5580000,0x00000000e5580000,0x00000000e5580000)
  from space 43520K, 0% used [0x00000000e5580000,0x00000000e5580000,0x00000000e8000000)
  to   space 43520K, 0% used [0x00000000e8000000,0x00000000e8000000,0x00000000eaa80000)
 ParOldGen       total 699392K, used 30619K [0x0000000080000000, 0x00000000aab00000, 0x00000000d5580000)
  object space 699392K, 4% used [0x0000000080000000,0x0000000081de6f18,0x00000000aab00000)
 Metaspace       used 34894K, capacity 37604K, committed 38568K, reserved 1083392K
  class space    used 4089K, capacity 4668K, committed 5288K, reserved 1048576K
Event: 14.429 GC heap after
Heap after GC invocations=8 (full 2):
 PSYoungGen      total 321536K, used 10048K [0x00000000d5580000, 0x00000000f0c80000, 0x0000000100000000)
  eden space 278016K, 0% used [0x00000000d5580000,0x00000000d5580000,0x00000000e6500000)
  from space 43520K, 23% used [0x00000000e8000000,0x00000000e89d0100,0x00000000eaa80000)
  to   space 27648K, 0% used [0x00000000e6500000,0x00000000e6500000,0x00000000e8000000)
 ParOldGen       total 699392K, used 30627K [0x0000000080000000, 0x00000000aab00000, 0x00000000d5580000)
  object space 699392K, 4% used [0x0000000080000000,0x0000000081de8f18,0x00000000aab00000)
 Metaspace       used 34894K, capacity 37604K, committed 38568K, reserved 1083392K
  class space    used 4089K, capacity 4668K, committed 5288K, reserved 1048576K
}
Event: 16.935 GC heap before
{Heap before GC invocations=9 (full 2):
 PSYoungGen      total 321536K, used 288064K [0x00000000d5580000, 0x00000000f0c80000, 0x0000000100000000)
  eden space 278016K, 100% used [0x00000000d5580000,0x00000000e6500000,0x00000000e6500000)
  from space 43520K, 23% used [0x00000000e8000000,0x00000000e89d0100,0x00000000eaa80000)
  to   space 27648K, 0% used [0x00000000e6500000,0x00000000e6500000,0x00000000e8000000)
 ParOldGen       total 699392K, used 30627K [0x0000000080000000, 0x00000000aab00000, 0x00000000d5580000)
  object space 699392K, 4% used [0x0000000080000000,0x0000000081de8f18,0x00000000aab00000)
 Metaspace       used 40119K, capacity 44164K, committed 44456K, reserved 1087488K
  class space    used 4800K, capacity 5735K, committed 5800K, reserved 1048576K
Event: 16.957 GC heap after
Heap after GC invocations=9 (full 2):
 PSYoungGen      total 305664K, used 12446K [0x00000000d5580000, 0x00000000f1500000, 0x0000000100000000)
  eden space 278016K, 0% used [0x00000000d5580000,0x00000000d5580000,0x00000000e6500000)
  from space 27648K, 45% used [0x00000000e6500000,0x00000000e7127a90,0x00000000e8000000)
  to   space 26624K, 0% used [0x00000000efb00000,0x00000000efb00000,0x00000000f1500000)
 ParOldGen       total 699392K, used 30635K [0x0000000080000000, 0x00000000aab00000, 0x00000000d5580000)
  object space 699392K, 4% used [0x0000000080000000,0x0000000081deaf18,0x00000000aab00000)
 Metaspace       used 40119K, capacity 44164K, committed 44456K, reserved 1087488K
  class space    used 4800K, capacity 5735K, committed 5800K, reserved 1048576K
}
Event: 22.374 GC heap before
{Heap before GC invocations=10 (full 2):
 PSYoungGen      total 305664K, used 290462K [0x00000000d5580000, 0x00000000f1500000, 0x0000000100000000)
  eden space 278016K, 100% used [0x00000000d5580000,0x00000000e6500000,0x00000000e6500000)
  from space 27648K, 45% used [0x00000000e6500000,0x00000000e7127a90,0x00000000e8000000)
  to   space 26624K, 0% used [0x00000000efb00000,0x00000000efb00000,0x00000000f1500000)
 ParOldGen       total 699392K, used 30635K [0x0000000080000000, 0x00000000aab00000, 0x00000000d5580000)
  object space 699392K, 4% used [0x0000000080000000,0x0000000081deaf18,0x00000000aab00000)
 Metaspace       used 50651K, capacity 56412K, committed 56744K, reserved 1097728K
  class space    used 6178K, capacity 7515K, committed 7592K, reserved 1048576K
Event: 22.401 GC heap after
Heap after GC invocations=10 (full 2):
 PSYoungGen      total 416768K, used 26614K [0x00000000d5580000, 0x00000000f1500000, 0x0000000100000000)
  eden space 390144K, 0% used [0x00000000d5580000,0x00000000d5580000,0x00000000ed280000)
  from space 26624K, 99% used [0x00000000efb00000,0x00000000f14fda48,0x00000000f1500000)
  to   space 32768K, 0% used [0x00000000ed500000,0x00000000ed500000,0x00000000ef500000)
 ParOldGen       total 699392K, used 36003K [0x0000000080000000, 0x00000000aab00000, 0x00000000d5580000)
  object space 699392K, 5% used [0x0000000080000000,0x0000000082328d90,0x00000000aab00000)
 Metaspace       used 50651K, capacity 56412K, committed 56744K, reserved 1097728K
  class space    used 6178K, capacity 7515K, committed 7592K, reserved 1048576K
}

